2023-04-24T13:58:33.293Z - info: [ui] [AppStore] loading 0 repositories from store
2023-04-24T13:58:33.369Z - info: [ui] [Welcome] no sign in step found. ignoring...
2023-04-24T13:58:33.563Z - info: [ui] launching: 2.9.0-linux2 (Linux 6.1.0-7-amd64)
2023-04-24T13:58:33.569Z - info: [ui] execPath: '/usr/lib/github-desktop/github-desktop'
2023-04-24T13:58:33.576Z - info: [ui] [Welcome] no sign in step found. ignoring...
2023-04-24T13:58:33.696Z - info: [ui] Opt in reported.
2023-04-24T13:58:34.032Z - info: [ui] [Welcome] no sign in step found. ignoring...
2023-04-24T13:58:39.089Z - info: [ui] [Welcome] advancing to step: SignInToDotComWithBrowser
2023-04-24T13:58:39.090Z - info: [ui] [SignInStore] initializing OAuth flow
2023-04-24T13:58:39.093Z - info: [main] opening in browser: https://github.com/login/oauth/authorize?client_id=3a723b10ac5575cc5bb9&scope=repo%20user%20workflow&state=563821e0-ea3b-49f3-9f56-dccbbdd0d6cd
2023-04-24T13:58:39.098Z - info: [ui] [Welcome] current sign in state not found. ignoring...
2023-04-24T13:59:18.855Z - info: [ui] [Welcome] kind Authentication is the same as Authentication. ignoring...
2023-04-24T13:59:20.758Z - info: [ui] [Welcome] kind Authentication is the same as Authentication. ignoring...
2023-04-24T13:59:39.182Z - info: [main] Received possible protocol arguments: 2
2023-04-24T13:59:39.182Z - info: [main] Processing protocol url
2023-04-24T13:59:39.230Z - info: [ui] [Dispatcher] requesting authenticated user
2023-04-24T13:59:39.258Z - info: [ui] [Welcome] kind Authentication is the same as Authentication. ignoring...
2023-04-24T13:59:39.657Z - info: [ui] [Welcome] kind Authentication is the same as Authentication. ignoring...
2023-04-24T13:59:40.199Z - info: [ui] [SignInStore] account resolved
2023-04-24T13:59:40.200Z - info: [ui] [AppStore] adding account PhoenixStarYT (Koen Kist (PhoenixStarYT)) to store
2023-04-24T13:59:40.236Z - info: [ui] [Welcome] advancing to step: ConfigureGit
2023-04-24T13:59:40.735Z - info: [ui] [Welcome] no sign in step found. ignoring...
2023-04-24T13:59:41.031Z - info: [ui] [Welcome] no sign in step found. ignoring...
2023-04-24T13:59:44.119Z - info: [ui] [Welcome] no sign in step found. ignoring...
2023-04-24T13:59:44.267Z - info: [ui] [Welcome] no sign in step found. ignoring...
2023-04-24T13:59:44.552Z - info: [ui] [Welcome] no sign in step found. ignoring...
2023-04-24T14:00:17.838Z - info: [ui] [AppStore] adding repository at /home/koen/koenos-debian to store
2023-04-24T14:00:20.656Z - info: [ui] Executing getStatus: git --no-optional-locks status --untracked-files=all --branch --porcelain=2 -z (took 2.739s)
2023-04-24T14:00:21.053Z - info: [ui] Executing getStatus: git --no-optional-locks status --untracked-files=all --branch --porcelain=2 -z (took 2.698s)
2023-04-24T14:00:21.053Z - info: [ui] Executing getStatus: git --no-optional-locks status --untracked-files=all --branch --porcelain=2 -z (took 2.631s)
