INFO: 2023-04-24 09:51:20,528: main() 'Using profile folder /home/koen/.config/variety/'
INFO: 2023-04-24 09:51:20,530: perform_upgrade() 'Last run version was 0.8.10 or earlier, current version is 0.8.10'
INFO: 2023-04-24 09:51:20,624: process_command() 'Received command: []'
INFO: 2023-04-24 09:51:20,627: start() 'Using data_path /usr/share/variety'
INFO: 2023-04-24 09:51:20,627: load() 'Jumble loading'
INFO: 2023-04-24 09:51:20,627: _walk_modules() 'Jumble loading module in __init__ from /usr/lib/python3/dist-packages/variety/plugins/builtin/__init__.py'
INFO: 2023-04-24 09:51:20,628: _walk_modules() 'Jumble loading module in LocalFilesSource from /usr/lib/python3/dist-packages/variety/plugins/builtin/quotes/LocalFilesSource.py'
INFO: 2023-04-24 09:51:20,628: load() 'Jumble found plugin class: <class 'LocalFilesSource.LocalFilesSource'>: {'name': 'Local text files', 'description': 'Displays quotes, defined in local text files.\nPut your own txt files in: ~/.config/variety/pluginconfig/quotes/.\nThe file format is:\n\nquote -- author\n.\nsecond quote -- another author\n.\netc...\n\nExample: http://rvelthuis.de/zips/quotes.txt', 'author': 'Peter Levi', 'version': '0.1'}'
INFO: 2023-04-24 09:51:20,628: _walk_modules() 'Jumble loading module in UrbanDictionarySource from /usr/lib/python3/dist-packages/variety/plugins/builtin/quotes/UrbanDictionarySource.py'
INFO: 2023-04-24 09:51:20,629: load() 'Jumble found plugin class: <class 'UrbanDictionarySource.UrbanDictionarySource'>: {'name': 'Urban Dictionary', 'description': 'Displays definitions from Urban Dictionary', 'author': 'James Miller', 'version': '0.1'}'
INFO: 2023-04-24 09:51:20,629: _walk_modules() 'Jumble loading module in __init__ from /usr/lib/python3/dist-packages/variety/plugins/builtin/quotes/__init__.py'
INFO: 2023-04-24 09:51:20,629: _walk_modules() 'Jumble loading module in QuotationsPageSource from /usr/lib/python3/dist-packages/variety/plugins/builtin/quotes/QuotationsPageSource.py'
INFO: 2023-04-24 09:51:20,665: load() 'Jumble found plugin class: <class 'QuotationsPageSource.QuotationsPageSource'>: {'name': 'TheQuotationsPage.com', 'description': 'Fetches quotes from TheQuotationsPage.com', 'author': 'Peter Levi', 'version': '0.1'}'
INFO: 2023-04-24 09:51:20,665: _walk_modules() 'Jumble loading module in FortuneSource from /usr/lib/python3/dist-packages/variety/plugins/builtin/quotes/FortuneSource.py'
INFO: 2023-04-24 09:51:20,666: load() 'Jumble found plugin class: <class 'FortuneSource.FortuneSource'>: {'name': 'UNIX fortune program', 'description': 'Displays quotes using the UNIX fortune program. You may want to install additional fortune packs, e.g. fortunes-bofh-excuses.', 'author': 'Dan Jones', 'version': '0.1'}'
INFO: 2023-04-24 09:51:20,666: _walk_modules() 'Jumble loading module in GoodreadsSource from /usr/lib/python3/dist-packages/variety/plugins/builtin/quotes/GoodreadsSource.py'
INFO: 2023-04-24 09:51:20,666: load() 'Jumble found plugin class: <class 'GoodreadsSource.GoodreadsSource'>: {'name': 'Goodreads', 'description': 'Fetches quotes from Goodreads.com', 'author': 'Peter Levi', 'version': '0.1'}'
INFO: 2023-04-24 09:51:20,666: _walk_modules() 'Jumble loading module in LegacyDisplayModesPlugin from /usr/lib/python3/dist-packages/variety/plugins/builtin/display_modes/LegacyDisplayModesPlugin.py'
INFO: 2023-04-24 09:51:20,667: load() 'Jumble found plugin class: <class 'LegacyDisplayModesPlugin.LegacyDisplayModesPlugin'>: {'name': 'LegacyDisplayModesPlugin', 'description': 'Legacy display mode for compatibility with past Variety versions', 'version': '1.0', 'author': 'Peter Levi'}'
INFO: 2023-04-24 09:51:20,668: _walk_modules() 'Jumble loading module in GnomeDisplayModesPlugin from /usr/lib/python3/dist-packages/variety/plugins/builtin/display_modes/GnomeDisplayModesPlugin.py'
INFO: 2023-04-24 09:51:20,668: load() 'Jumble found plugin class: <class 'GnomeDisplayModesPlugin.GnomeDisplayModesPlugin'>: {'name': 'GnomeDisplayModesPlugin', 'description': 'Display modes relying on the underlying desktop environment', 'version': '1.0', 'author': 'Peter Levi'}'
INFO: 2023-04-24 09:51:20,668: _walk_modules() 'Jumble loading module in __init__ from /usr/lib/python3/dist-packages/variety/plugins/builtin/display_modes/__init__.py'
INFO: 2023-04-24 09:51:20,668: _walk_modules() 'Jumble loading module in ResizingDisplayModesPlugin from /usr/lib/python3/dist-packages/variety/plugins/builtin/display_modes/ResizingDisplayModesPlugin.py'
INFO: 2023-04-24 09:51:20,668: load() 'Jumble found plugin class: <class 'ResizingDisplayModesPlugin.ResizingDisplayModesPlugin'>: {'name': 'ResizingDisplayModesPlugin', 'description': 'Display modes that use image resizing within Variety', 'version': '1.0', 'author': 'Peter Levi'}'
INFO: 2023-04-24 09:51:20,669: _walk_modules() 'Jumble loading module in BingDownloader from /usr/lib/python3/dist-packages/variety/plugins/builtin/downloaders/BingDownloader.py'
INFO: 2023-04-24 09:51:20,670: load() 'Jumble found plugin class: <class 'BingDownloader.BingDownloader'>: {'name': 'BingDownloader', 'description': 'Bing Photo of the Day', 'author': 'Peter Levi', 'version': '0.1'}'
INFO: 2023-04-24 09:51:20,670: _walk_modules() 'Jumble loading module in WallhavenLegacyDownloader from /usr/lib/python3/dist-packages/variety/plugins/builtin/downloaders/WallhavenLegacyDownloader.py'
INFO: 2023-04-24 09:51:20,671: _walk_modules() 'Jumble loading module in UnsplashConfigurableSource from /usr/lib/python3/dist-packages/variety/plugins/builtin/downloaders/UnsplashConfigurableSource.py'
INFO: 2023-04-24 09:51:20,672: load() 'Jumble found plugin class: <class 'UnsplashConfigurableSource.UnsplashConfigurableSource'>: {'name': 'UnsplashConfigurableSource', 'description': 'Configurable source for fetching photos from Unsplash.com', 'author': 'Peter Levi', 'version': '0.1'}'
INFO: 2023-04-24 09:51:20,672: _walk_modules() 'Jumble loading module in APODDownloader from /usr/lib/python3/dist-packages/variety/plugins/builtin/downloaders/APODDownloader.py'
INFO: 2023-04-24 09:51:20,672: load() 'Jumble found plugin class: <class 'APODDownloader.APODDownloader'>: {'name': 'APODDownloader', 'description': 'NASA Astro Pic of the Day', 'author': 'Peter Levi', 'version': '0.1'}'
INFO: 2023-04-24 09:51:20,672: _walk_modules() 'Jumble loading module in RedditSource from /usr/lib/python3/dist-packages/variety/plugins/builtin/downloaders/RedditSource.py'
INFO: 2023-04-24 09:51:20,673: load() 'Jumble found plugin class: <class 'RedditSource.RedditSource'>: {'name': 'RedditSource', 'description': 'Configurable source for fetching images from Reddit', 'author': 'Peter Levi', 'version': '0.1'}'
INFO: 2023-04-24 09:51:20,673: _walk_modules() 'Jumble loading module in __init__ from /usr/lib/python3/dist-packages/variety/plugins/builtin/downloaders/__init__.py'
INFO: 2023-04-24 09:51:20,673: _walk_modules() 'Jumble loading module in WallhavenSource from /usr/lib/python3/dist-packages/variety/plugins/builtin/downloaders/WallhavenSource.py'
INFO: 2023-04-24 09:51:20,675: load() 'Jumble found plugin class: <class 'WallhavenSource.WallhavenSource'>: {'name': 'WallhavenSource', 'description': 'Configurable source for fetching images from Wallhaven.cc', 'author': 'Peter Levi', 'version': '0.1'}'
INFO: 2023-04-24 09:51:20,676: _walk_modules() 'Jumble loading module in EarthviewDownloader from /usr/lib/python3/dist-packages/variety/plugins/builtin/downloaders/EarthviewDownloader.py'
INFO: 2023-04-24 09:51:20,677: load() 'Jumble found plugin class: <class 'EarthviewDownloader.EarthviewDownloader'>: {'name': 'EarthviewDownloader', 'description': 'Google Earth View Wallpapers', 'author': 'Peter Levi', 'version': '0.1'}'
INFO: 2023-04-24 09:51:20,677: _walk_modules() 'Jumble loading module in ArtStationDownloader from /usr/lib/python3/dist-packages/variety/plugins/builtin/downloaders/ArtStationDownloader.py'
INFO: 2023-04-24 09:51:20,677: _walk_modules() 'Jumble loading module in WallhavenDownloader from /usr/lib/python3/dist-packages/variety/plugins/builtin/downloaders/WallhavenDownloader.py'
INFO: 2023-04-24 09:51:20,678: _walk_modules() 'Jumble loading module in MediaRSSSource from /usr/lib/python3/dist-packages/variety/plugins/builtin/downloaders/MediaRSSSource.py'
INFO: 2023-04-24 09:51:20,678: load() 'Jumble found plugin class: <class 'MediaRSSSource.MediaRSSSource'>: {'name': 'MediaRSSSource', 'description': 'Configurable source for fetching images from MediaRSS feeds', 'author': 'Peter Levi', 'version': '0.1'}'
INFO: 2023-04-24 09:51:20,678: _walk_modules() 'Jumble loading module in UnsplashDownloader from /usr/lib/python3/dist-packages/variety/plugins/builtin/downloaders/UnsplashDownloader.py'
INFO: 2023-04-24 09:51:20,679: load() 'Jumble found plugin class: <class 'UnsplashDownloader.UnsplashDownloader'>: {'name': 'UnsplashDownloader', 'description': 'High-resolution photos from Unsplash.com', 'author': 'Peter Levi', 'version': '0.1'}'
INFO: 2023-04-24 09:51:20,679: _walk_modules() 'Jumble loading module in NationalGeographicDownloader from /usr/lib/python3/dist-packages/variety/plugins/builtin/downloaders/NationalGeographicDownloader.py'
INFO: 2023-04-24 09:51:20,679: load() 'Jumble found plugin class: <class 'NationalGeographicDownloader.NationalGeographicDownloader'>: {'name': 'NationalGeographicDownloader', 'description': "National Geographic's photo of the day", 'author': 'Eric Rösch', 'version': '0.1'}'
INFO: 2023-04-24 09:51:20,679: _walk_modules() 'Jumble loading module in RedditDownloader from /usr/lib/python3/dist-packages/variety/plugins/builtin/downloaders/RedditDownloader.py'
INFO: 2023-04-24 09:51:20,680: _walk_modules() 'Jumble loading module in ArtStationSource from /usr/lib/python3/dist-packages/variety/plugins/builtin/downloaders/ArtStationSource.py'
INFO: 2023-04-24 09:51:20,681: load() 'Jumble found plugin class: <class 'ArtStationSource.ArtStationSource'>: {'name': 'ArtStationSource', 'description': 'Configurable source for fetching images from ArtStation', 'author': 'Denis Gordeev', 'version': '0.1'}'
INFO: 2023-04-24 09:51:20,682: _walk_modules() 'Jumble loading module in MediaRSSDownloader from /usr/lib/python3/dist-packages/variety/plugins/builtin/downloaders/MediaRSSDownloader.py'
ERROR: 2023-04-24 09:51:20,682: get_xdg_pictures_folder() 'Could not get path to Pictures folder. Defaulting to ~/Pictures.'
Traceback (most recent call last):
  File "/usr/lib/python3/dist-packages/variety/Util.py", line 815, in get_xdg_pictures_folder
    raise Exception("Could not get path to Pictures folder. Defaulting to ~/Pictures.")
Exception: Could not get path to Pictures folder. Defaulting to ~/Pictures.
ERROR: 2023-04-24 09:51:20,684: get_xdg_pictures_folder() 'Could not get path to Pictures folder. Defaulting to ~/Pictures.'
Traceback (most recent call last):
  File "/usr/lib/python3/dist-packages/variety/Util.py", line 815, in get_xdg_pictures_folder
    raise Exception("Could not get path to Pictures folder. Defaulting to ~/Pictures.")
Exception: Could not get path to Pictures folder. Defaulting to ~/Pictures.
ERROR: 2023-04-24 09:51:20,686: get_desktop_wallpaper() 'Exception when calling get_wallpaper script'
Traceback (most recent call last):
  File "/usr/lib/python3/dist-packages/variety/VarietyWindow.py", line 2709, in get_desktop_wallpaper
    output = subprocess.check_output(script).decode().strip()
             ^^^^^^^^^^^^^^^^^^^^^^^^^^^^^^^
  File "/usr/lib/python3.11/subprocess.py", line 466, in check_output
    return run(*popenargs, stdout=PIPE, timeout=timeout, check=True,
           ^^^^^^^^^^^^^^^^^^^^^^^^^^^^^^^^^^^^^^^^^^^^^^^^^^^^^^^^^
  File "/usr/lib/python3.11/subprocess.py", line 571, in run
    raise CalledProcessError(retcode, process.args,
subprocess.CalledProcessError: Command '/home/koen/.config/variety/scripts/get_wallpaper' returned non-zero exit status 127.
INFO: 2023-04-24 09:51:20,687: reload_config() 'Creating new downloader for type bing, location Bing Photo of the Day'
INFO: 2023-04-24 09:51:20,688: reload_config() 'Creating new downloader for type unsplash, location High-resolution photos from Unsplash.com'
INFO: 2023-04-24 09:51:20,688: reload_config() 'Creating new downloader for type wallhaven, location nature'
INFO: 2023-04-24 09:51:20,688: log_options() 'Loaded options:'
INFO: 2023-04-24 09:51:20,688: log_options() 'change_enabled = False'
INFO: 2023-04-24 09:51:20,688: log_options() 'change_interval = 300'
INFO: 2023-04-24 09:51:20,688: log_options() 'change_on_start = True'
INFO: 2023-04-24 09:51:20,688: log_options() 'clipboard_enabled = False'
INFO: 2023-04-24 09:51:20,688: log_options() 'clipboard_hosts = ['wallhaven.cc', 'wallpapers.net', 'flickr.com', 'imgur.com', 'deviantart.com', 'interfacelift.com', 'vladstudio.com', 'imageshack.us', 'deviantart.net', 'imageshack.com']'
INFO: 2023-04-24 09:51:20,688: log_options() 'clipboard_use_whitelist = True'
INFO: 2023-04-24 09:51:20,688: log_options() 'clock_date_font = Serif 30'
INFO: 2023-04-24 09:51:20,688: log_options() 'clock_enabled = False'
INFO: 2023-04-24 09:51:20,688: log_options() 'clock_filter = -density 100 -font `fc-match -f '%{file[0]}' '%CLOCK_FONT_NAME'` -pointsize %CLOCK_FONT_SIZE -gravity SouthEast -fill '#00000044' -annotate 0x0+[%HOFFSET+58]+[%VOFFSET+108] '%H:%M' -fill white -annotate 0x0+[%HOFFSET+60]+[%VOFFSET+110] '%H:%M' -font `fc-match -f '%{file[0]}' '%DATE_FONT_NAME'` -pointsize %DATE_FONT_SIZE -fill '#00000044' -annotate 0x0+[%HOFFSET+58]+[%VOFFSET+58] '%A, %B %d' -fill white -annotate 0x0+[%HOFFSET+60]+[%VOFFSET+60] '%A, %B %d''
INFO: 2023-04-24 09:51:20,688: log_options() 'clock_font = Serif 70'
INFO: 2023-04-24 09:51:20,688: log_options() 'configfile = /home/koen/.config/variety/variety.conf'
INFO: 2023-04-24 09:51:20,688: log_options() 'copyto_enabled = False'
INFO: 2023-04-24 09:51:20,688: log_options() 'copyto_folder = Default'
INFO: 2023-04-24 09:51:20,688: log_options() 'desired_color = [160, 160, 160]'
INFO: 2023-04-24 09:51:20,688: log_options() 'desired_color_enabled = False'
INFO: 2023-04-24 09:51:20,688: log_options() 'download_folder = /home/koen/.config/variety/Downloaded'
INFO: 2023-04-24 09:51:20,688: log_options() 'download_preference_ratio = 0.9'
INFO: 2023-04-24 09:51:20,688: log_options() 'favorites_folder = /home/koen/.wallpaper/favorites'
INFO: 2023-04-24 09:51:20,688: log_options() 'favorites_operations = [['Downloaded', 'Copy'], ['Fetched', 'Move'], ['Others', 'Copy']]'
INFO: 2023-04-24 09:51:20,688: log_options() 'fetched_folder = /home/koen/.wallpaper/favorites'
INFO: 2023-04-24 09:51:20,688: log_options() 'filters = [[False, 'Keep original', ''], [False, 'Grayscale', '-type Grayscale'], [False, 'Heavy blur', '-scale 20% -blur 0x10 -resize 500%'], [False, 'Soft blur', '-scale 20% -blur 0x2 -resize 500%'], [False, 'Oil painting', '-paint 8'], [False, 'Pointilism', '-spread 10 -noise 3'], [False, 'Pixellate', '-scale 3% -scale 3333%']]'
INFO: 2023-04-24 09:51:20,688: log_options() 'get_wallpaper_script = /home/koen/.config/variety/scripts/get_wallpaper'
INFO: 2023-04-24 09:51:20,688: log_options() 'icon = Light'
INFO: 2023-04-24 09:51:20,689: log_options() 'internet_enabled = True'
INFO: 2023-04-24 09:51:20,689: log_options() 'lightness_enabled = False'
INFO: 2023-04-24 09:51:20,689: log_options() 'lightness_mode = 0'
INFO: 2023-04-24 09:51:20,689: log_options() 'min_rating = 4'
INFO: 2023-04-24 09:51:20,689: log_options() 'min_rating_enabled = False'
INFO: 2023-04-24 09:51:20,689: log_options() 'min_size = 80'
INFO: 2023-04-24 09:51:20,689: log_options() 'min_size_enabled = False'
INFO: 2023-04-24 09:51:20,689: log_options() 'quota_enabled = True'
INFO: 2023-04-24 09:51:20,689: log_options() 'quota_size = 1000'
INFO: 2023-04-24 09:51:20,689: log_options() 'quotes_authors = '
INFO: 2023-04-24 09:51:20,689: log_options() 'quotes_bg_color = [80, 80, 80]'
INFO: 2023-04-24 09:51:20,689: log_options() 'quotes_bg_opacity = 55'
INFO: 2023-04-24 09:51:20,689: log_options() 'quotes_change_enabled = False'
INFO: 2023-04-24 09:51:20,689: log_options() 'quotes_change_interval = 300'
INFO: 2023-04-24 09:51:20,689: log_options() 'quotes_disabled_sources = ['Urban Dictionary']'
INFO: 2023-04-24 09:51:20,689: log_options() 'quotes_enabled = False'
INFO: 2023-04-24 09:51:20,689: log_options() 'quotes_favorites_file = /home/koen/.config/variety/favorite_quotes.txt'
INFO: 2023-04-24 09:51:20,689: log_options() 'quotes_font = Serif 30'
INFO: 2023-04-24 09:51:20,689: log_options() 'quotes_hpos = 100'
INFO: 2023-04-24 09:51:20,689: log_options() 'quotes_max_length = 250'
INFO: 2023-04-24 09:51:20,689: log_options() 'quotes_tags = '
INFO: 2023-04-24 09:51:20,689: log_options() 'quotes_text_color = [255, 255, 255]'
INFO: 2023-04-24 09:51:20,689: log_options() 'quotes_text_shadow = False'
INFO: 2023-04-24 09:51:20,689: log_options() 'quotes_vpos = 40'
INFO: 2023-04-24 09:51:20,689: log_options() 'quotes_width = 70'
INFO: 2023-04-24 09:51:20,689: log_options() 'safe_mode = False'
INFO: 2023-04-24 09:51:20,689: log_options() 'set_wallpaper_script = /home/koen/.config/variety/scripts/set_wallpaper'
INFO: 2023-04-24 09:51:20,689: log_options() 'slideshow_custom_enabled = False'
INFO: 2023-04-24 09:51:20,689: log_options() 'slideshow_custom_folder = /home/koen/Pictures'
INFO: 2023-04-24 09:51:20,689: log_options() 'slideshow_downloads_enabled = False'
INFO: 2023-04-24 09:51:20,689: log_options() 'slideshow_fade = 0.4'
INFO: 2023-04-24 09:51:20,689: log_options() 'slideshow_favorites_enabled = True'
INFO: 2023-04-24 09:51:20,689: log_options() 'slideshow_mode = Fullscreen'
INFO: 2023-04-24 09:51:20,689: log_options() 'slideshow_monitor = All'
INFO: 2023-04-24 09:51:20,689: log_options() 'slideshow_pan = 0.05'
INFO: 2023-04-24 09:51:20,689: log_options() 'slideshow_seconds = 6.0'
INFO: 2023-04-24 09:51:20,689: log_options() 'slideshow_sort_order = Random'
INFO: 2023-04-24 09:51:20,689: log_options() 'slideshow_sources_enabled = True'
INFO: 2023-04-24 09:51:20,689: log_options() 'slideshow_zoom = 0.2'
INFO: 2023-04-24 09:51:20,689: log_options() 'smart_enabled = False'
INFO: 2023-04-24 09:51:20,689: log_options() 'smart_notice_shown = False'
INFO: 2023-04-24 09:51:20,689: log_options() 'smart_register_shown = False'
INFO: 2023-04-24 09:51:20,689: log_options() 'sources = [[False, 'favorites', 'The Favorites folder'], [False, 'fetched', 'The Fetched folder'], [True, 'folder', '/usr/share/backgrounds'], [False, 'flickr', 'user:www.flickr.com/photos/peter-levi/;user_id:93647178@N00;'], [False, 'apod', "NASA's Astronomy Picture of the Day"], [True, 'bing', 'Bing Photo of the Day'], [False, 'earthview', 'Google Earth View Wallpapers'], [False, 'natgeo', "National Geographic's photo of the day"], [True, 'unsplash', 'High-resolution photos from Unsplash.com'], [True, 'wallhaven', 'nature'], [True, 'folder', '/home/koen/.wallpaper/wallpapers']]'
INFO: 2023-04-24 09:51:20,689: log_options() 'stats_enabled = True'
INFO: 2023-04-24 09:51:20,689: log_options() 'stats_notice_shown = False'
INFO: 2023-04-24 09:51:20,689: log_options() 'sync_enabled = True'
INFO: 2023-04-24 09:51:20,689: log_options() 'use_landscape_enabled = True'
INFO: 2023-04-24 09:51:20,689: log_options() 'wallhaven_api_key = '
INFO: 2023-04-24 09:51:20,689: log_options() 'wallpaper_auto_rotate = False'
INFO: 2023-04-24 09:51:20,689: log_options() 'wallpaper_display_mode = os'
INFO: 2023-04-24 09:51:20,689: reload_config() 'No need to clear prepared queue'
INFO: 2023-04-24 09:51:20,689: update_indicator() 'Setting file info to: /usr/share/images/desktop-base/desktop-background.xml'
INFO: 2023-04-24 09:51:20,690: load_banned() 'Missing or invalid banned URLs list, no URLs will be banned'
INFO: 2023-04-24 09:51:20,690: load_last_change_time() 'Change interval < 6 hours, ignore persisted last_change_time, wait initially the whole interval: 300'
INFO: 2023-04-24 09:51:20,690: update_indicator() 'Setting file info to: /usr/share/images/desktop-base/desktop-background.xml'
INFO: 2023-04-24 09:51:20,690: regular_change_thread() 'regular_change thread running'
INFO: 2023-04-24 09:51:20,692: prepare_thread() 'Prepare thread running'
INFO: 2023-04-24 09:51:20,693: prepare_thread() 'Prepared buffer contains 0 images'
INFO: 2023-04-24 09:51:20,693: prepare_thread() 'Preparing some images'
INFO: 2023-04-24 09:51:20,696: get_throttling() 'Unsplash.com: parsing serverside options'
INFO: 2023-04-24 09:51:20,696: get_throttling() 'Could not parse Unsplash.com serverside options, using defaults 10, 1'
INFO: 2023-04-24 09:51:20,696: get_throttling() 'Unsplash.com: parsing serverside options'
INFO: 2023-04-24 09:51:20,696: get_throttling() 'Could not parse Unsplash.com serverside options, using defaults 10, 1'
INFO: 2023-04-24 09:51:20,696: download_one() 'Unsplash.com: Downloading an image, config: None'
INFO: 2023-04-24 09:51:20,696: download_one() 'Unsplash.com: Queue size: 0'
INFO: 2023-04-24 09:51:20,696: get_throttling() 'Unsplash.com: parsing serverside options'
INFO: 2023-04-24 09:51:20,696: get_throttling() 'Could not parse Unsplash.com serverside options, using defaults 10, 1'
INFO: 2023-04-24 09:51:20,696: download_one() 'Unsplash.com: Filling queue'
INFO: 2023-04-24 09:51:20,696: fill_queue() 'Filling Unsplash queue from https://api.unsplash.com/photos/random?count=30&client_id=072e5048dfcb73a8d9ad59fcf402471518ff8df725df462b0c4fa665f466515a&orientation=landscape'
INFO: 2023-04-24 09:51:20,704: update_indicator_icon() 'Creating indicator'
WARNING: 2023-04-24 09:51:20,768: create_menu() 'Variety Slideshow is not installed. This is an optional extension adding pan-and-zoom slideshows to Variety: see https://github.com/peterlevi/variety-slideshow for details'
INFO: 2023-04-24 09:51:20,769: create_indicator() 'indicator backend: AyatanaAppIndicator3'
INFO: 2023-04-24 09:51:20,805: prepare_thread() 'After search prepared buffer contains 100 images'
INFO: 2023-04-24 09:51:20,805: do_set_wp() 'Calling do_set_wp with /usr/share/images/desktop-base/desktop-background.xml, time: 1682344280.8059785'
INFO: 2023-04-24 09:51:20,823: set_from_theme_icon() 'Showing indicator icon variety-indicator from GTK theme'
ERROR: 2023-04-24 09:51:20,823: get_desktop_wallpaper() 'Exception when calling get_wallpaper script'
Traceback (most recent call last):
  File "/usr/lib/python3/dist-packages/variety/VarietyWindow.py", line 2709, in get_desktop_wallpaper
    output = subprocess.check_output(script).decode().strip()
             ^^^^^^^^^^^^^^^^^^^^^^^^^^^^^^^
  File "/usr/lib/python3.11/subprocess.py", line 466, in check_output
    return run(*popenargs, stdout=PIPE, timeout=timeout, check=True,
           ^^^^^^^^^^^^^^^^^^^^^^^^^^^^^^^^^^^^^^^^^^^^^^^^^^^^^^^^^
  File "/usr/lib/python3.11/subprocess.py", line 571, in run
    raise CalledProcessError(retcode, process.args,
subprocess.CalledProcessError: Command '/home/koen/.config/variety/scripts/get_wallpaper' returned non-zero exit status 127.
INFO: 2023-04-24 09:51:20,828: update_indicator() 'Setting file info to: /usr/share/images/desktop-base/desktop-background.xml'
INFO: 2023-04-24 09:51:20,829: list_files() 'More than 1 files in the folders, stop listing'
ERROR: 2023-04-24 09:51:21,040: download_one_from() 'Could not download wallpaper:'
Traceback (most recent call last):
  File "/usr/lib/python3/dist-packages/variety/VarietyWindow.py", line 1161, in download_one_from
    file = downloader.download_one()
           ^^^^^^^^^^^^^^^^^^^^^^^^^
  File "/usr/lib/python3/dist-packages/variety/plugins/downloaders/DefaultDownloader.py", line 141, in download_one
    items = self.fill_queue()
            ^^^^^^^^^^^^^^^^^
  File "/usr/lib/python3/dist-packages/variety/plugins/builtin/downloaders/UnsplashDownloader.py", line 87, in fill_queue
    r = Util.request(url)
        ^^^^^^^^^^^^^^^^^
  File "/usr/lib/python3/dist-packages/variety/Util.py", line 663, in request
    r.raise_for_status()
  File "/usr/lib/python3/dist-packages/requests/models.py", line 1021, in raise_for_status
    raise HTTPError(http_error_msg, response=self)
requests.exceptions.HTTPError: 403 Client Error: Forbidden for url: https://api.unsplash.com/photos/random?count=30&client_id=072e5048dfcb73a8d9ad59fcf402471518ff8df725df462b0c4fa665f466515a&orientation=landscape
INFO: 2023-04-24 09:51:21,960: reload() 'Reloading preferences dialog'
ERROR: 2023-04-24 09:51:21,961: get_xdg_pictures_folder() 'Could not get path to Pictures folder. Defaulting to ~/Pictures.'
Traceback (most recent call last):
  File "/usr/lib/python3/dist-packages/variety/Util.py", line 815, in get_xdg_pictures_folder
    raise Exception("Could not get path to Pictures folder. Defaulting to ~/Pictures.")
Exception: Could not get path to Pictures folder. Defaulting to ~/Pictures.
ERROR: 2023-04-24 09:51:21,962: get_xdg_pictures_folder() 'Could not get path to Pictures folder. Defaulting to ~/Pictures.'
Traceback (most recent call last):
  File "/usr/lib/python3/dist-packages/variety/Util.py", line 815, in get_xdg_pictures_folder
    raise Exception("Could not get path to Pictures folder. Defaulting to ~/Pictures.")
Exception: Could not get path to Pictures folder. Defaulting to ~/Pictures.
ERROR: 2023-04-24 09:51:21,964: get_xdg_pictures_folder() 'Could not get path to Pictures folder. Defaulting to ~/Pictures.'
Traceback (most recent call last):
  File "/usr/lib/python3/dist-packages/variety/Util.py", line 815, in get_xdg_pictures_folder
    raise Exception("Could not get path to Pictures folder. Defaulting to ~/Pictures.")
Exception: Could not get path to Pictures folder. Defaulting to ~/Pictures.
ERROR: 2023-04-24 09:51:21,964: get_file_icon_name() 'Exception while obtaining folder icon for /home/koen/Pictures:'
Traceback (most recent call last):
  File "/usr/lib/python3/dist-packages/variety/Util.py", line 800, in get_file_icon_name
    query_info = f.query_info("standard::icon", Gio.FileQueryInfoFlags.NONE, None)
                 ^^^^^^^^^^^^^^^^^^^^^^^^^^^^^^^^^^^^^^^^^^^^^^^^^^^^^^^^^^^^^^^^^
gi.repository.GLib.GError: g-io-error-quark: Error when getting information for file “/home/koen/Pictures”: No such file or directory (1)
ERROR: 2023-04-24 09:51:21,966: get_file_icon_name() 'Exception while obtaining folder icon for /home/koen/Pictures:'
Traceback (most recent call last):
  File "/usr/lib/python3/dist-packages/variety/Util.py", line 800, in get_file_icon_name
    query_info = f.query_info("standard::icon", Gio.FileQueryInfoFlags.NONE, None)
                 ^^^^^^^^^^^^^^^^^^^^^^^^^^^^^^^^^^^^^^^^^^^^^^^^^^^^^^^^^^^^^^^^^
gi.repository.GLib.GError: g-io-error-quark: Error when getting information for file “/home/koen/Pictures”: No such file or directory (1)
INFO: 2023-04-24 09:51:22,044: get_throttling() 'Bing: parsing serverside options'
INFO: 2023-04-24 09:51:22,045: get_throttling() 'Could not parse Bing serverside options, using defaults None, None'
INFO: 2023-04-24 09:51:22,045: get_throttling() 'Bing: parsing serverside options'
INFO: 2023-04-24 09:51:22,045: get_throttling() 'Could not parse Bing serverside options, using defaults None, None'
INFO: 2023-04-24 09:51:22,045: download_one() 'Bing: Downloading an image, config: None'
INFO: 2023-04-24 09:51:22,045: download_one() 'Bing: Queue size: 0'
INFO: 2023-04-24 09:51:22,045: get_throttling() 'Bing: parsing serverside options'
INFO: 2023-04-24 09:51:22,045: get_throttling() 'Could not parse Bing serverside options, using defaults None, None'
INFO: 2023-04-24 09:51:22,045: download_one() 'Bing: Filling queue'
INFO: 2023-04-24 09:51:22,200: download_one() 'Bing: Queue populated with 6 URLs'
INFO: 2023-04-24 09:51:22,201: save_locally() 'Origin URL: https://www.bing.com/search?q=Bavaria+Germany&form=hpcapt&filters=HpDate%3a%2220230424_0700%22'
INFO: 2023-04-24 09:51:22,201: save_locally() 'Image URL: https://www.bing.com/th?id=OHR.FranconianWineCellar_EN-US3287515626_1920x1080.jpg&rf=LaDigue_1920x1080.jpg&pid=hp'
INFO: 2023-04-24 09:51:22,201: save_locally() 'Local path: /home/koen/.config/variety/Downloaded/Bing/OHR.FranconianWineCellar_EN-US3287515626_1920x1080.jpg'
INFO: 2023-04-24 09:51:22,201: save_locally() 'File already exists, skip downloading'
INFO: 2023-04-24 09:51:22,816: trigger_download() 'Triggering download thread to check if download needed and possible'
INFO: 2023-04-24 09:51:25,692: set_wallpaper() 'Calling set_wallpaper with /home/koen/.config/variety/Downloaded/wallhaven_nature/wallhaven-3z6wy6.jpg'
INFO: 2023-04-24 09:51:25,693: prepare_thread() 'Prepared buffer contains 100 images'
INFO: 2023-04-24 09:51:25,693: do_set_wp() 'Calling do_set_wp with /home/koen/.config/variety/Downloaded/wallhaven_nature/wallhaven-3z6wy6.jpg, time: 1682344285.6938136'
INFO: 2023-04-24 09:51:25,695: regular_change_thread() 'regular_change: waiting till user resumes'
ERROR: 2023-04-24 09:51:25,697: get_desktop_wallpaper() 'Exception when calling get_wallpaper script'
Traceback (most recent call last):
  File "/usr/lib/python3/dist-packages/variety/VarietyWindow.py", line 2709, in get_desktop_wallpaper
    output = subprocess.check_output(script).decode().strip()
             ^^^^^^^^^^^^^^^^^^^^^^^^^^^^^^^
  File "/usr/lib/python3.11/subprocess.py", line 466, in check_output
    return run(*popenargs, stdout=PIPE, timeout=timeout, check=True,
           ^^^^^^^^^^^^^^^^^^^^^^^^^^^^^^^^^^^^^^^^^^^^^^^^^^^^^^^^^
  File "/usr/lib/python3.11/subprocess.py", line 571, in run
    raise CalledProcessError(retcode, process.args,
subprocess.CalledProcessError: Command '/home/koen/.config/variety/scripts/get_wallpaper' returned non-zero exit status 127.
INFO: 2023-04-24 09:51:25,698: update_indicator() 'Setting file info to: /home/koen/.config/variety/Downloaded/wallhaven_nature/wallhaven-3z6wy6.jpg'
INFO: 2023-04-24 09:51:25,698: list_files() 'More than 1 files in the folders, stop listing'
INFO: 2023-04-24 09:51:27,693: trigger_download() 'Triggering download thread to check if download needed and possible'
INFO: 2023-04-24 09:51:27,694: trigger_download() 'Triggering download thread to check if download needed and possible'
INFO: 2023-04-24 09:51:27,694: get_throttling() 'Wallhaven.cc: parsing serverside options'
INFO: 2023-04-24 09:51:27,694: get_throttling() 'Could not parse Wallhaven.cc serverside options, using defaults 360, 40'
INFO: 2023-04-24 09:51:27,694: get_throttling() 'Wallhaven.cc: parsing serverside options'
INFO: 2023-04-24 09:51:27,694: get_throttling() 'Could not parse Wallhaven.cc serverside options, using defaults 360, 40'
INFO: 2023-04-24 09:51:27,694: download_one() 'Wallhaven.cc: Downloading an image, config: nature'
INFO: 2023-04-24 09:51:27,694: download_one() 'Wallhaven.cc: Queue size: 0'
INFO: 2023-04-24 09:51:27,694: get_throttling() 'Wallhaven.cc: parsing serverside options'
INFO: 2023-04-24 09:51:27,694: get_throttling() 'Could not parse Wallhaven.cc serverside options, using defaults 360, 40'
INFO: 2023-04-24 09:51:27,694: download_one() 'Wallhaven.cc: Filling queue'
INFO: 2023-04-24 09:51:27,694: search() 'Performing wallhaven search: url=https://wallhaven.cc/api/v1/search?q=nature&categories=111&purity=100&sorting=favorites&order=desc'
INFO: 2023-04-24 09:51:29,547: fill_queue() '89147 wallpapers in result, using page 30'
INFO: 2023-04-24 09:51:29,548: search() 'Performing wallhaven search: url=https://wallhaven.cc/api/v1/search?q=nature&categories=111&purity=100&sorting=favorites&order=desc&page=30'
INFO: 2023-04-24 09:51:30,654: download_one() 'Wallhaven.cc: Queue populated with 12 URLs'
INFO: 2023-04-24 09:51:30,654: download_queue_item() 'Wallpaper URL: https://wallhaven.cc/w/57kvd3'
INFO: 2023-04-24 09:51:30,654: download_queue_item() 'Image src URL: https://w.wallhaven.cc/full/57/wallhaven-57kvd3.png'
INFO: 2023-04-24 09:51:31,703: save_locally() 'Origin URL: https://wallhaven.cc/w/57kvd3'
INFO: 2023-04-24 09:51:31,703: save_locally() 'Image URL: https://w.wallhaven.cc/full/57/wallhaven-57kvd3.png'
INFO: 2023-04-24 09:51:31,703: save_locally() 'Local path: /home/koen/.config/variety/Downloaded/wallhaven_nature/wallhaven-57kvd3.png'
INFO: 2023-04-24 09:51:34,754: save_locally() 'Download complete'
INFO: 2023-04-24 09:51:34,754: update_indicator() 'Setting file info to: /home/koen/.config/variety/Downloaded/wallhaven_nature/wallhaven-3z6wy6.jpg'
INFO: 2023-04-24 09:51:34,755: list_files() 'More than 1 files in the folders, stop listing'
INFO: 2023-04-24 09:51:34,760: download_one_from() 'Adding downloaded file /home/koen/.config/variety/Downloaded/wallhaven_nature/wallhaven-57kvd3.png to unseen_downloads'
INFO: 2023-04-24 09:51:40,700: server_options_thread() 'Fetching server options from http://tiny.cc/variety-options-063'
INFO: 2023-04-24 09:51:41,796: server_options_thread() 'Fetched server options: {'flickr': {'min_fill_queue_interval': 1200, 'min_download_interval': 1200}, 'wallbase': {'min_fill_queue_interval': 1800, 'min_download_interval': 1800}, 'wallhaven': {'min_fill_queue_interval': 1800, 'min_download_interval': 1800}, 'wallpapers.net': {'min_fill_queue_interval': 601, 'min_download_interval': 0}, 'unsplash': {'min_fill_queue_interval': 20000000000, 'min_download_interval': 20000000000}, 'unsplash_v2': {'min_fill_queue_interval': 3600, 'min_download_interval': 1800}, 'status_message': {'0.0.1': '', '*': ''}}'
INFO: 2023-04-24 09:53:37,516: set_wallpaper() 'Calling set_wallpaper with /home/koen/.config/variety/Downloaded/wallhaven_nature/wallhaven-gp8zoe.jpg'
INFO: 2023-04-24 09:53:37,516: prepare_thread() 'Prepared buffer contains 100 images'
INFO: 2023-04-24 09:53:37,517: do_set_wp() 'Calling do_set_wp with /home/koen/.config/variety/Downloaded/wallhaven_nature/wallhaven-gp8zoe.jpg, time: 1682344417.5170252'
ERROR: 2023-04-24 09:53:37,520: get_desktop_wallpaper() 'Exception when calling get_wallpaper script'
Traceback (most recent call last):
  File "/usr/lib/python3/dist-packages/variety/VarietyWindow.py", line 2709, in get_desktop_wallpaper
    output = subprocess.check_output(script).decode().strip()
             ^^^^^^^^^^^^^^^^^^^^^^^^^^^^^^^
  File "/usr/lib/python3.11/subprocess.py", line 466, in check_output
    return run(*popenargs, stdout=PIPE, timeout=timeout, check=True,
           ^^^^^^^^^^^^^^^^^^^^^^^^^^^^^^^^^^^^^^^^^^^^^^^^^^^^^^^^^
  File "/usr/lib/python3.11/subprocess.py", line 571, in run
    raise CalledProcessError(retcode, process.args,
subprocess.CalledProcessError: Command '/home/koen/.config/variety/scripts/get_wallpaper' returned non-zero exit status 127.
INFO: 2023-04-24 09:53:37,521: update_indicator() 'Setting file info to: /home/koen/.config/variety/Downloaded/wallhaven_nature/wallhaven-gp8zoe.jpg'
INFO: 2023-04-24 09:53:37,522: list_files() 'More than 1 files in the folders, stop listing'
INFO: 2023-04-24 09:53:39,517: trigger_download() 'Triggering download thread to check if download needed and possible'
INFO: 2023-04-24 09:53:39,517: trigger_download() 'Triggering download thread to check if download needed and possible'
INFO: 2023-04-24 09:53:39,517: get_throttling() 'Unsplash.com: parsing serverside options'
INFO: 2023-04-24 09:53:39,517: get_throttling() 'Unsplash.com serverside options: {'min_fill_queue_interval': 3600, 'min_download_interval': 1800}'
INFO: 2023-04-24 09:53:39,517: get_throttling() 'Unsplash.com: parsing serverside options'
INFO: 2023-04-24 09:53:39,517: get_throttling() 'Unsplash.com serverside options: {'min_fill_queue_interval': 3600, 'min_download_interval': 1800}'
INFO: 2023-04-24 09:53:39,517: download_one() 'Unsplash.com: Downloading an image, config: None'
INFO: 2023-04-24 09:53:39,517: download_one() 'Unsplash.com: Queue size: 0'
INFO: 2023-04-24 09:53:39,517: get_throttling() 'Unsplash.com: parsing serverside options'
INFO: 2023-04-24 09:53:39,517: get_throttling() 'Unsplash.com serverside options: {'min_fill_queue_interval': 3600, 'min_download_interval': 1800}'
INFO: 2023-04-24 09:53:39,517: download_one() 'Unsplash.com: Queue empty, but max_queue_fills_per_hour of 1 reached, will try again later'
INFO: 2023-04-24 09:53:40,518: get_throttling() 'Bing: parsing serverside options'
INFO: 2023-04-24 09:53:40,518: get_throttling() 'Could not parse Bing serverside options, using defaults None, None'
INFO: 2023-04-24 09:53:40,518: get_throttling() 'Bing: parsing serverside options'
INFO: 2023-04-24 09:53:40,518: get_throttling() 'Could not parse Bing serverside options, using defaults None, None'
INFO: 2023-04-24 09:53:40,518: download_one() 'Bing: Downloading an image, config: None'
INFO: 2023-04-24 09:53:40,518: download_one() 'Bing: Queue size: 5'
INFO: 2023-04-24 09:53:40,518: download_one() 'Bing: Queue populated with 5 URLs'
INFO: 2023-04-24 09:53:40,518: save_locally() 'Origin URL: https://www.bing.com/search?q=Taiwan+Yuhina&form=hpcapt&filters=HpDate%3a%2220230419_0700%22'
INFO: 2023-04-24 09:53:40,518: save_locally() 'Image URL: https://www.bing.com/th?id=OHR.TaiwanYuhina_EN-US1768443431_1920x1080.jpg&rf=LaDigue_1920x1080.jpg&pid=hp'
INFO: 2023-04-24 09:53:40,518: save_locally() 'Local path: /home/koen/.config/variety/Downloaded/Bing/OHR.TaiwanYuhina_EN-US1768443431_1920x1080.jpg'
INFO: 2023-04-24 09:53:40,518: save_locally() 'File already exists, skip downloading'
INFO: 2023-04-24 09:53:41,519: get_throttling() 'Wallhaven.cc: parsing serverside options'
INFO: 2023-04-24 09:53:41,519: get_throttling() 'Wallhaven.cc serverside options: {'min_fill_queue_interval': 1800, 'min_download_interval': 1800}'
INFO: 2023-04-24 09:53:41,519: get_throttling() 'Wallhaven.cc: parsing serverside options'
INFO: 2023-04-24 09:53:41,519: get_throttling() 'Wallhaven.cc serverside options: {'min_fill_queue_interval': 1800, 'min_download_interval': 1800}'
INFO: 2023-04-24 09:53:41,519: download_one() 'Wallhaven.cc: Downloading an image, config: nature'
INFO: 2023-04-24 09:53:41,519: download_one() 'Wallhaven.cc: Queue size: 11'
INFO: 2023-04-24 09:53:41,519: download_one() 'Wallhaven.cc: Queue populated with 11 URLs'
INFO: 2023-04-24 09:53:41,519: download_queue_item() 'Wallpaper URL: https://wallhaven.cc/w/0q262q'
INFO: 2023-04-24 09:53:41,519: download_queue_item() 'Image src URL: https://w.wallhaven.cc/full/0q/wallhaven-0q262q.jpg'
INFO: 2023-04-24 09:53:42,503: save_locally() 'Origin URL: https://wallhaven.cc/w/0q262q'
INFO: 2023-04-24 09:53:42,503: save_locally() 'Image URL: https://w.wallhaven.cc/full/0q/wallhaven-0q262q.jpg'
INFO: 2023-04-24 09:53:42,503: save_locally() 'Local path: /home/koen/.config/variety/Downloaded/wallhaven_nature/wallhaven-0q262q.jpg'
INFO: 2023-04-24 09:53:43,110: save_locally() 'Download complete'
INFO: 2023-04-24 09:53:43,110: update_indicator() 'Setting file info to: /home/koen/.config/variety/Downloaded/wallhaven_nature/wallhaven-gp8zoe.jpg'
INFO: 2023-04-24 09:53:43,113: list_files() 'More than 1 files in the folders, stop listing'
INFO: 2023-04-24 09:53:43,116: download_one_from() 'Adding downloaded file /home/koen/.config/variety/Downloaded/wallhaven_nature/wallhaven-0q262q.jpg to unseen_downloads'
INFO: 2023-04-24 09:56:44,118: get_throttling() 'Unsplash.com: parsing serverside options'
INFO: 2023-04-24 09:56:44,118: get_throttling() 'Unsplash.com serverside options: {'min_fill_queue_interval': 3600, 'min_download_interval': 1800}'
INFO: 2023-04-24 09:56:44,118: get_throttling() 'Unsplash.com: parsing serverside options'
INFO: 2023-04-24 09:56:44,118: get_throttling() 'Unsplash.com serverside options: {'min_fill_queue_interval': 3600, 'min_download_interval': 1800}'
INFO: 2023-04-24 09:56:44,118: download_one() 'Unsplash.com: Downloading an image, config: None'
INFO: 2023-04-24 09:56:44,118: download_one() 'Unsplash.com: Queue size: 0'
INFO: 2023-04-24 09:56:44,118: get_throttling() 'Unsplash.com: parsing serverside options'
INFO: 2023-04-24 09:56:44,118: get_throttling() 'Unsplash.com serverside options: {'min_fill_queue_interval': 3600, 'min_download_interval': 1800}'
INFO: 2023-04-24 09:56:44,118: download_one() 'Unsplash.com: Queue empty, but max_queue_fills_per_hour of 1 reached, will try again later'
INFO: 2023-04-24 09:56:45,119: get_throttling() 'Bing: parsing serverside options'
INFO: 2023-04-24 09:56:45,119: get_throttling() 'Could not parse Bing serverside options, using defaults None, None'
INFO: 2023-04-24 09:56:45,119: get_throttling() 'Bing: parsing serverside options'
INFO: 2023-04-24 09:56:45,119: get_throttling() 'Could not parse Bing serverside options, using defaults None, None'
INFO: 2023-04-24 09:56:45,119: download_one() 'Bing: Downloading an image, config: None'
INFO: 2023-04-24 09:56:45,119: download_one() 'Bing: Queue size: 4'
INFO: 2023-04-24 09:56:45,119: download_one() 'Bing: Queue populated with 4 URLs'
INFO: 2023-04-24 09:56:45,119: save_locally() 'Origin URL: https://www.bing.com/search?q=juniper+springs+florida&form=hpcapt&filters=HpDate%3a%2220230420_0700%22'
INFO: 2023-04-24 09:56:45,119: save_locally() 'Image URL: https://www.bing.com/th?id=OHR.OcalaNF_EN-US5881034085_1920x1080.jpg&rf=LaDigue_1920x1080.jpg&pid=hp'
INFO: 2023-04-24 09:56:45,119: save_locally() 'Local path: /home/koen/.config/variety/Downloaded/Bing/OHR.OcalaNF_EN-US5881034085_1920x1080.jpg'
INFO: 2023-04-24 09:56:45,119: save_locally() 'File already exists, skip downloading'
INFO: 2023-04-24 09:59:46,121: get_throttling() 'Unsplash.com: parsing serverside options'
INFO: 2023-04-24 09:59:46,121: get_throttling() 'Unsplash.com serverside options: {'min_fill_queue_interval': 3600, 'min_download_interval': 1800}'
INFO: 2023-04-24 09:59:46,121: get_throttling() 'Unsplash.com: parsing serverside options'
INFO: 2023-04-24 09:59:46,121: get_throttling() 'Unsplash.com serverside options: {'min_fill_queue_interval': 3600, 'min_download_interval': 1800}'
INFO: 2023-04-24 09:59:46,121: download_one() 'Unsplash.com: Downloading an image, config: None'
INFO: 2023-04-24 09:59:46,121: download_one() 'Unsplash.com: Queue size: 0'
INFO: 2023-04-24 09:59:46,121: get_throttling() 'Unsplash.com: parsing serverside options'
INFO: 2023-04-24 09:59:46,121: get_throttling() 'Unsplash.com serverside options: {'min_fill_queue_interval': 3600, 'min_download_interval': 1800}'
INFO: 2023-04-24 09:59:46,121: download_one() 'Unsplash.com: Queue empty, but max_queue_fills_per_hour of 1 reached, will try again later'
INFO: 2023-04-24 09:59:47,123: get_throttling() 'Bing: parsing serverside options'
INFO: 2023-04-24 09:59:47,123: get_throttling() 'Could not parse Bing serverside options, using defaults None, None'
INFO: 2023-04-24 09:59:47,123: get_throttling() 'Bing: parsing serverside options'
INFO: 2023-04-24 09:59:47,124: get_throttling() 'Could not parse Bing serverside options, using defaults None, None'
INFO: 2023-04-24 09:59:47,124: download_one() 'Bing: Downloading an image, config: None'
INFO: 2023-04-24 09:59:47,124: download_one() 'Bing: Queue size: 3'
INFO: 2023-04-24 09:59:47,124: download_one() 'Bing: Queue populated with 3 URLs'
INFO: 2023-04-24 09:59:47,124: save_locally() 'Origin URL: https://www.bing.com/search?q=machu+picchu&form=hpcapt&filters=HpDate%3a%2220230418_0700%22'
INFO: 2023-04-24 09:59:47,124: save_locally() 'Image URL: https://www.bing.com/th?id=OHR.MPPUnesco_EN-US8204922969_1920x1080.jpg&rf=LaDigue_1920x1080.jpg&pid=hp'
INFO: 2023-04-24 09:59:47,124: save_locally() 'Local path: /home/koen/.config/variety/Downloaded/Bing/OHR.MPPUnesco_EN-US8204922969_1920x1080.jpg'
INFO: 2023-04-24 09:59:47,124: save_locally() 'File already exists, skip downloading'
